cl : コマンド ライン warning D9002: 不明なオプション '/arch:SSE2' を無視します。
cl : コマンド ライン warning D9002: 不明なオプション '/arch:SSE2' を無視します。
  autofit.c
cl : コマンド ライン warning D9002: 不明なオプション '/arch:SSE2' を無視します。
  ftbase.c
cl : コマンド ライン warning D9002: 不明なオプション '/arch:SSE2' を無視します。
  ftbbox.c
cl : コマンド ライン warning D9002: 不明なオプション '/arch:SSE2' を無視します。
  ftbdf.c
cl : コマンド ライン warning D9002: 不明なオプション '/arch:SSE2' を無視します。
  ftbitmap.c
cl : コマンド ライン warning D9002: 不明なオプション '/arch:SSE2' を無視します。
  ftcid.c
cl : コマンド ライン warning D9002: 不明なオプション '/arch:SSE2' を無視します。
  ftfstype.c
cl : コマンド ライン warning D9002: 不明なオプション '/arch:SSE2' を無視します。
  ftgasp.c
C:\Users\yw325\Desktop\freetype-2.10.2\src\autofit\afscript.h(1,1): warning C4819: ファイルは、現在のコード ページ (932) で表示できない文字を含んでいます。データの損失を防ぐために、ファイルを Unicode 形式で保存してください。 (ソース ファイルをコンパイルしています ..\..\..\src\autofit\autofit.c)
C:\Users\yw325\Desktop\freetype-2.10.2\src\autofit\afblue.c(1,1): warning C4819: ファイルは、現在のコード ページ (932) で表示できない文字を含んでいます。データの損失を防ぐために、ファイルを Unicode 形式で保存してください。 (ソース ファイルをコンパイルしています ..\..\..\src\autofit\autofit.c)
C:\Users\yw325\Desktop\freetype-2.10.2\src\autofit\afblue.c(255,1): warning C4819: ファイルは、現在のコード ページ (932) で表示できない文字を含んでいます。データの損失を防ぐために、ファイルを Unicode 形式で保存してください。 (ソース ファイルをコンパイルしています ..\..\..\src\autofit\autofit.c)
C:\Users\yw325\Desktop\freetype-2.10.2\src\autofit\afscript.h(1,1): warning C4819: ファイルは、現在のコード ページ (932) で表示できない文字を含んでいます。データの損失を防ぐために、ファイルを Unicode 形式で保存してください。 (ソース ファイルをコンパイルしています ..\..\..\src\autofit\autofit.c)
C:\Users\yw325\Desktop\freetype-2.10.2\src\autofit\afscript.h(1,1): warning C4819: ファイルは、現在のコード ページ (932) で表示できない文字を含んでいます。データの損失を防ぐために、ファイルを Unicode 形式で保存してください。 (ソース ファイルをコンパイルしています ..\..\..\src\autofit\autofit.c)
C:\Users\yw325\Desktop\freetype-2.10.2\src\autofit\afscript.h(1,1): warning C4819: ファイルは、現在のコード ページ (932) で表示できない文字を含んでいます。データの損失を防ぐために、ファイルを Unicode 形式で保存してください。 (ソース ファイルをコンパイルしています ..\..\..\src\autofit\autofit.c)
C:\Users\yw325\Desktop\freetype-2.10.2\src\autofit\afscript.h(1,1): warning C4819: ファイルは、現在のコード ページ (932) で表示できない文字を含んでいます。データの損失を防ぐために、ファイルを Unicode 形式で保存してください。 (ソース ファイルをコンパイルしています ..\..\..\src\autofit\autofit.c)
C:\Users\yw325\Desktop\freetype-2.10.2\src\autofit\afscript.h(1,1): warning C4819: ファイルは、現在のコード ページ (932) で表示できない文字を含んでいます。データの損失を防ぐために、ファイルを Unicode 形式で保存してください。 (ソース ファイルをコンパイルしています ..\..\..\src\autofit\autofit.c)
  ftglyph.c
  ftgxval.c
  ftinit.c
  ftmm.c
  ftotval.c
  ftpatent.c
  ftpfr.c
  ftstroke.c
  ftsynth.c
  ftsystem.c
  fttype1.c
  ftwinfnt.c
  bdf.c
  ftcache.c
  cff.c
  type1cid.c
  ftgzip.c
  ftlzw.c
C:\Users\yw325\Desktop\freetype-2.10.2\src\base\ftstroke.c(1022): warning C4701: 初期化されていない可能性のあるローカル変数 'sigma' が使用されます
C:\Users\yw325\Desktop\freetype-2.10.2\src\base\ftstroke.c(1117): warning C4701: 初期化されていない可能性のあるローカル変数 'sigma' が使用されます
  pcf.c
  pfr.c
  psaux.c
  pshinter.c
  psmodule.c
  raster.c
  sfnt.c
  smooth.c
  truetype.c
C:\Users\yw325\Desktop\freetype-2.10.2\src\psaux\psintrp.c(1005,29): warning C4267: '=': 'size_t' から 'FT_Fast' に変換しました。データが失われているかもしれません。 (ソース ファイルをコンパイルしています ..\..\..\src\psaux\psaux.c)
C:\Users\yw325\Desktop\freetype-2.10.2\src\smooth\ftgrays.c(1704,26): warning C4267: '+=': 'size_t' から 'TCoord' に変換しました。データが失われているかもしれません。 (ソース ファイルをコンパイルしています ..\..\..\src\smooth\smooth.c)
  type1.c
C:\Users\yw325\Desktop\freetype-2.10.2\src\truetype\ttgload.c(1892,42): warning C4312: '型キャスト': 'unsigned long' からより大きいサイズの 'void *' へ変換します。 (ソース ファイルをコンパイルしています ..\..\..\src\truetype\truetype.c)
C:\Users\yw325\Desktop\freetype-2.10.2\src\sfnt\sfdriver.c(860,32): warning C4267: '=': 'size_t' から 'FT_UInt' に変換しました。データが失われているかもしれません。 (ソース ファイルをコンパイルしています ..\..\..\src\sfnt\sfnt.c)
C:\Users\yw325\Desktop\freetype-2.10.2\src\sfnt\sfdriver.c(1011,44): warning C4244: '関数': '__int64' から 'const unsigned int' への変換です。データが失われる可能性があります。 (ソース ファイルをコンパイルしています ..\..\..\src\sfnt\sfnt.c)
C:\Users\yw325\Desktop\freetype-2.10.2\src\smooth\ftgrays.c(534): warning C4706: 条件式の比較値は、代入の結果になっています。
C:\Users\yw325\Desktop\freetype-2.10.2\src\sfnt\sfwoff2.c(153,41): warning C4244: '=': 'const FT_Int' から 'FT_UShort' への変換です。データが失われる可能性があります。 (ソース ファイルをコンパイルしています ..\..\..\src\sfnt\sfnt.c)
C:\Users\yw325\Desktop\freetype-2.10.2\src\sfnt\sfwoff2.c(160,45): warning C4244: '=': 'int' から 'FT_UShort' への変換です。データが失われる可能性があります。 (ソース ファイルをコンパイルしています ..\..\..\src\sfnt\sfnt.c)
C:\Users\yw325\Desktop\freetype-2.10.2\src\sfnt\sfwoff2.c(317,37): warning C4100: 'src_size': 引数は関数の本体部で 1 度も参照されません。 (ソース ファイルをコンパイルしています ..\..\..\src\sfnt\sfnt.c)
C:\Users\yw325\Desktop\freetype-2.10.2\src\sfnt\sfwoff2.c(316,37): warning C4100: 'src': 引数は関数の本体部で 1 度も参照されません。 (ソース ファイルをコンパイルしています ..\..\..\src\sfnt\sfnt.c)
C:\Users\yw325\Desktop\freetype-2.10.2\src\sfnt\sfwoff2.c(315,37): warning C4100: 'dst_size': 引数は関数の本体部で 1 度も参照されません。 (ソース ファイルをコンパイルしています ..\..\..\src\sfnt\sfnt.c)
C:\Users\yw325\Desktop\freetype-2.10.2\src\sfnt\sfwoff2.c(314,37): warning C4100: 'dst': 引数は関数の本体部で 1 度も参照されません。 (ソース ファイルをコンパイルしています ..\..\..\src\sfnt\sfnt.c)
C:\Users\yw325\Desktop\freetype-2.10.2\src\sfnt\sfwoff2.c(594,44): warning C4244: '=': 'FT_Int' から 'FT_Byte' への変換です。データが失われる可能性があります。 (ソース ファイルをコンパイルしています ..\..\..\src\sfnt\sfnt.c)
C:\Users\yw325\Desktop\freetype-2.10.2\src\sfnt\sfwoff2.c(599,34): warning C4244: '=': 'FT_Int' から 'FT_Byte' への変換です。データが失われる可能性があります。 (ソース ファイルをコンパイルしています ..\..\..\src\sfnt\sfnt.c)
C:\Users\yw325\Desktop\freetype-2.10.2\src\sfnt\sfwoff2.c(613,40): warning C4244: '=': 'FT_Int' から 'FT_Byte' への変換です。データが失われる可能性があります。 (ソース ファイルをコンパイルしています ..\..\..\src\sfnt\sfnt.c)
C:\Users\yw325\Desktop\freetype-2.10.2\src\sfnt\sfwoff2.c(636,39): warning C4244: '=': 'FT_Int' から 'FT_Byte' への変換です。データが失われる可能性があります。 (ソース ファイルをコンパイルしています ..\..\..\src\sfnt\sfnt.c)
C:\Users\yw325\Desktop\freetype-2.10.2\src\sfnt\sfwoff2.c(640,9): warning C4244: '=': 'FT_Int' から 'FT_Byte' への変換です。データが失われる可能性があります。 (ソース ファイルをコンパイルしています ..\..\..\src\sfnt\sfnt.c)
C:\Users\yw325\Desktop\freetype-2.10.2\src\sfnt\sfwoff2.c(649,39): warning C4244: '=': 'FT_Int' から 'FT_Byte' への変換です。データが失われる可能性があります。 (ソース ファイルをコンパイルしています ..\..\..\src\sfnt\sfnt.c)
C:\Users\yw325\Desktop\freetype-2.10.2\src\sfnt\sfwoff2.c(653,9): warning C4244: '=': 'FT_Int' から 'FT_Byte' への変換です。データが失われる可能性があります。 (ソース ファイルをコンパイルしています ..\..\..\src\sfnt\sfnt.c)
C:\Users\yw325\Desktop\freetype-2.10.2\src\sfnt\sfwoff2.c(706,5): warning C4244: '=': 'FT_Int' から 'FT_Byte' への変換です。データが失われる可能性があります。 (ソース ファイルをコンパイルしています ..\..\..\src\sfnt\sfnt.c)
C:\Users\yw325\Desktop\freetype-2.10.2\src\sfnt\sfwoff2.c(707,5): warning C4244: '=': 'FT_Int' から 'FT_Byte' への変換です。データが失われる可能性があります。 (ソース ファイルをコンパイルしています ..\..\..\src\sfnt\sfnt.c)
C:\Users\yw325\Desktop\freetype-2.10.2\src\sfnt\sfwoff2.c(708,5): warning C4244: '=': 'FT_Int' から 'FT_Byte' への変換です。データが失われる可能性があります。 (ソース ファイルをコンパイルしています ..\..\..\src\sfnt\sfnt.c)
C:\Users\yw325\Desktop\freetype-2.10.2\src\sfnt\sfwoff2.c(709,5): warning C4244: '=': 'FT_Int' から 'FT_Byte' への変換です。データが失われる可能性があります。 (ソース ファイルをコンパイルしています ..\..\..\src\sfnt\sfnt.c)
C:\Users\yw325\Desktop\freetype-2.10.2\src\sfnt\sfwoff2.c(1150,11): warning C4244: '=': 'FT_Int' から 'FT_Byte' への変換です。データが失われる可能性があります。 (ソース ファイルをコンパイルしています ..\..\..\src\sfnt\sfnt.c)
C:\Users\yw325\Desktop\freetype-2.10.2\src\sfnt\sfwoff2.c(1459,9): warning C4244: '=': 'int' から 'FT_Byte' への変換です。データが失われる可能性があります。 (ソース ファイルをコンパイルしています ..\..\..\src\sfnt\sfnt.c)
C:\Users\yw325\Desktop\freetype-2.10.2\src\sfnt\sfwoff2.c(1463,7): warning C4244: '=': 'int' から 'FT_Byte' への変換です。データが失われる可能性があります。 (ソース ファイルをコンパイルしています ..\..\..\src\sfnt\sfnt.c)
  type42.c
C:\Users\yw325\Desktop\freetype-2.10.2\src\truetype\ttobjs.c(982,1): warning C4819: ファイルは、現在のコード ページ (932) で表示できない文字を含んでいます。データの損失を防ぐために、ファイルを Unicode 形式で保存してください。 (ソース ファイルをコンパイルしています ..\..\..\src\truetype\truetype.c)
C:\Users\yw325\Desktop\freetype-2.10.2\src\sfnt\ttcolr.c(127,50): warning C4018: '>': signed と unsigned の数値を比較しようとしました。 (ソース ファイルをコンパイルしています ..\..\..\src\sfnt\sfnt.c)
C:\Users\yw325\Desktop\freetype-2.10.2\src\sfnt\ttcolr.c(136,40): warning C4018: '>': signed と unsigned の数値を比較しようとしました。 (ソース ファイルをコンパイルしています ..\..\..\src\sfnt\sfnt.c)
C:\Users\yw325\Desktop\freetype-2.10.2\src\sfnt\ttcpal.c(121,40): warning C4018: '>': signed と unsigned の数値を比較しようとしました。 (ソース ファイルをコンパイルしています ..\..\..\src\sfnt\sfnt.c)
C:\Users\yw325\Desktop\freetype-2.10.2\src\sfnt\ttcpal.c(153,50): warning C4018: '>': signed と unsigned の数値を比較しようとしました。 (ソース ファイルをコンパイルしています ..\..\..\src\sfnt\sfnt.c)
C:\Users\yw325\Desktop\freetype-2.10.2\src\sfnt\ttcpal.c(174,50): warning C4018: '>': signed と unsigned の数値を比較しようとしました。 (ソース ファイルをコンパイルしています ..\..\..\src\sfnt\sfnt.c)
C:\Users\yw325\Desktop\freetype-2.10.2\src\sfnt\ttcpal.c(195,57): warning C4018: '>': signed と unsigned の数値を比較しようとしました。 (ソース ファイルをコンパイルしています ..\..\..\src\sfnt\sfnt.c)
C:\Users\yw325\Desktop\freetype-2.10.2\src\sfnt\ttload.c(1,1): warning C4819: ファイルは、現在のコード ページ (932) で表示できない文字を含んでいます。データの損失を防ぐために、ファイルを Unicode 形式で保存してください。 (ソース ファイルをコンパイルしています ..\..\..\src\sfnt\sfnt.c)
  winfnt.c
C:\Users\yw325\Desktop\freetype-2.10.2\src\type1\t1driver.c(277,51): warning C4267: '=': 'size_t' から 'FT_ULong' に変換しました。データが失われているかもしれません。 (ソース ファイルをコンパイルしています ..\..\..\src\type1\type1.c)
C:\Users\yw325\Desktop\freetype-2.10.2\src\type1\t1driver.c(298,58): warning C4267: '=': 'size_t' から 'FT_ULong' に変換しました。データが失われているかもしれません。 (ソース ファイルをコンパイルしています ..\..\..\src\type1\type1.c)
C:\Users\yw325\Desktop\freetype-2.10.2\src\type1\t1driver.c(330,65): warning C4267: '=': 'size_t' から 'FT_ULong' に変換しました。データが失われているかもしれません。 (ソース ファイルをコンパイルしています ..\..\..\src\type1\type1.c)
C:\Users\yw325\Desktop\freetype-2.10.2\src\type1\t1driver.c(360,23): warning C4267: '=': 'size_t' から 'FT_UInt' に変換しました。データが失われているかもしれません。 (ソース ファイルをコンパイルしています ..\..\..\src\type1\type1.c)
C:\Users\yw325\Desktop\freetype-2.10.2\src\type1\t1driver.c(569,59): warning C4267: '=': 'size_t' から 'FT_ULong' に変換しました。データが失われているかもしれません。 (ソース ファイルをコンパイルしています ..\..\..\src\type1\type1.c)
C:\Users\yw325\Desktop\freetype-2.10.2\src\type1\t1driver.c(578,58): warning C4267: '=': 'size_t' から 'FT_ULong' に変換しました。データが失われているかもしれません。 (ソース ファイルをコンパイルしています ..\..\..\src\type1\type1.c)
C:\Users\yw325\Desktop\freetype-2.10.2\src\type1\t1driver.c(587,61): warning C4267: '=': 'size_t' から 'FT_ULong' に変換しました。データが失われているかもしれません。 (ソース ファイルをコンパイルしています ..\..\..\src\type1\type1.c)
C:\Users\yw325\Desktop\freetype-2.10.2\src\type1\t1driver.c(596,63): warning C4267: '=': 'size_t' から 'FT_ULong' に変換しました。データが失われているかもしれません。 (ソース ファイルをコンパイルしています ..\..\..\src\type1\type1.c)
C:\Users\yw325\Desktop\freetype-2.10.2\src\type1\t1driver.c(606,58): warning C4267: '=': 'size_t' から 'FT_ULong' に変換しました。データが失われているかもしれません。 (ソース ファイルをコンパイルしています ..\..\..\src\type1\type1.c)
C:\Users\yw325\Desktop\freetype-2.10.2\src\type1\t1load.c(1761,68): warning C4244: '=': '__int64' から 'FT_Int' への変換です。データが失われる可能性があります。 (ソース ファイルをコンパイルしています ..\..\..\src\type1\type1.c)
C:\Users\yw325\Desktop\freetype-2.10.2\src\type1\t1load.c(1931,40): warning C4244: '=': '__int64' から 'FT_Int' への変換です。データが失われる可能性があります。 (ソース ファイルをコンパイルしています ..\..\..\src\type1\type1.c)
C:\Users\yw325\Desktop\freetype-2.10.2\src\type42\t42parse.c(832,66): warning C4244: '=': '__int64' から 'FT_Int' への変換です。データが失われる可能性があります。 (ソース ファイルをコンパイルしています ..\..\..\src\type42\type42.c)
C:\Users\yw325\Desktop\freetype-2.10.2\src\truetype\ttgxvar.c(2237): warning C4701: 初期化されていない可能性のあるローカル変数 'fvar_head' が使用されます
cl : コマンド ライン warning D9002: 不明なオプション '/arch:SSE2' を無視します。
  ftdebug.c
     ライブラリ ..\..\..\objs\x64\Release\freetype.lib とオブジェクト ..\..\..\objs\x64\Release\freetype.exp を作成中
  freetype.vcxproj -> C:\Users\yw325\Desktop\freetype-2.10.2\builds\windows\vc2010\..\..\..\objs\x64\Release\freetype.dll
